Arguments: 
  /usr/bin/node /usr/bin/yarn install

PATH: 
  /usr/condabin:/home/nex/.local/bin:/home/nex/bin:/usr/local/bin:/usr/local/sbin:/usr/bin:/usr/sbin:/var/lib/snapd/snap/bin

Yarn version: 
  1.22.17

Node version: 
  18.12.1

Platform: 
  linux x64

Trace: 
  Error: getaddrinfo EAI_AGAIN registry.yarnpkg.com
      at GetAddrInfoReqWrap.onlookup [as oncomplete] (node:dns:107:26)

npm manifest: 
  {
      "name": "exam",
      "version": "0.1.0",
      "private": true,
      "dependencies": {
          "@auth0/auth0-react": "^1.12.0",
          "@emotion/react": "^11.7.1",
          "@emotion/styled": "^11.6.0",
          "@mui/material": "^5.2.5",
          "@passageidentity/passage-elements": "^1.0.2",
          "@passageidentity/passage-node": "^2.1.1",
          "@testing-library/jest-dom": "^5.16.1",
          "@testing-library/react": "^13.3.0",
          "@testing-library/user-event": "^13.5.0",
          "@types/jest": "^27.0.3",
          "@types/node": "^16.11.14",
          "@types/react": "^18.0.17",
          "@types/react-dom": "^18.0.6",
          "react": "^18.2.0",
          "react-dom": "^18.2.0",
          "react-native-fingerprint-scanner": "^6.0.0",
          "react-router-dom": "^6.2.1",
          "react-scripts": "^2.1.3",
          "serve": "^14.1.2",
          "web-vitals": "^2.1.2"
      },
      "devDependencies": {
          "autoprefixer": "^10.4.8",
          "postcss": "^8.4.16",
          "tailwindcss": "^3.1.8"
      },
      "scripts": {
          "homepage": "http://myname.github.io/myapp",
          "start": "react-scripts --openssl-legacy-provider start",
          "build": "react-scripts --openssl-legacy-provider build",
          "test": "react-scripts test",
          "eject": "react-scripts eject"
      },
      "eslintConfig": {},
      "browserslist": {
          "production": [
              ">0.2%",
              "not dead",
              "not op_mini all"
          ],
          "development": [
              "last 1 chrome version",
              "last 1 firefox version",
              "last 1 safari version"
          ]
      }
  }

yarn manifest: 
  No manifest

Lockfile: 
  No lockfile
